[en-US] INFO - Test
[en-US] INFO - Test
[] INFO - undefined
[12/12/2024,] INFO - undefined
[12/12/2024, 01:01:] INFO - undefined
[12/12/2024, 01:01:11PM] INFO - undefined
[12/12/2024, 01:01:11PM] INFO - undefined
[12/12/2024, 01:01:11PM] INFO - undefined
[12/12/2024, 01:01:11PM] INFO - undefined
[12/12/2024, 01:01:11PM] INFO - undefined
[12/12/2024, 01:01:11PM] INFO - undefined
[12/12/2024, 01:01:11PM] INFO - undefined
[12/12/2024, 01:01:11PM] INFO - undefined
[12/12/2024, 01:01:11PM] INFO - undefined
[12/12/2024, 01:01:11PM] INFO - undefined
[12/12/2024, 01:01:11PM] INFO - undefined
[12/12/2024, 01:01:11PM] INFO - undefined
[12/12/2024, 01:01:11PM] INFO - undefined
[12/12/2024, 01:01:11PM] INFO - undefined
[12/12/2024, 01:01:11PM] INFO - undefined
[12/12/2024, 01:01:11PM] INFO - undefined
[12/12/2024, 01:01:11PM] INFO - undefined
[12/12/2024, 01:01:11PM] INFO - undefined
[12/12/2024, 01:01:11PM] INFO - undefined
[12/12/2024, 01:01:11PM] INFO - undefined
[12/12/2024, 01:01:11PM] INFO - undefined
[12/12/2024, 01:01:11PM] INFO - undefined
[12/12/2024, 01:01:11PM] INFO - undefined
[12/12/2024, 01:01:11PM] INFO - undefined
[12/12/2024, 01:01:11PM] INFO - undefined
[12/12/2024, 01:01:11PM] INFO - undefined
[12/12/2024, 01:01:11PM] INFO - undefined
[12/12/2024, 01:01:11PM] INFO - undefined
[12/12/2024, 01:01:11PM] INFO - undefined
[12/12/2024, 01:01:11PM] INFO - undefined
[12/12/2024, 01:01:11PM] INFO - undefined
[12/12/2024, 01:01:11PM] INFO - undefined
[12/12/2024, 01:01:11PM] INFO - undefined
[12/12/2024, 01:01:11PM] INFO - undefined
[12/12/2024, 01:01:11PM] INFO - undefined
[12/12/2024, 01:01:11PM] INFO - undefined
[12/12/2024, 01:01:11PM] INFO - undefined
[12/12/2024, 01:01:11PM] INFO - undefined
[12/12/2024, 01:01:11PM] INFO - undefined
[12/12/2024, 01:01:11PM] INFO - undefined
[12/12/2024, 01:01:11PM] INFO - undefined
[12/12/2024, 01:01:11PM] INFO - undefined
[12/12/2024, 01:01:11PM] INFO - undefined
[12/12/2024, 01:01:11PM] INFO - undefined
[12/12/2024, 01:01:11PM] INFO - undefined
[12/12/2024, 01:01:11PM] INFO - undefined
[12/12/2024, 01:01:11PM] INFO - undefined
[12/12/2024, 01:01:11PM] INFO - undefined
[12/12/2024, 01:01:11PM] INFO - undefined
[12/12/2024, 01:01:11PM] INFO - undefined
[12/12/2024, 01:01:11PM] INFO - undefined
[12/12/2024, 01:01:11PM] INFO - undefined
[12/12/2024, 01:01:11PM] INFO - undefined
[12/12/2024, 01:01:11PM] INFO - undefined
[12/12/2024, 01:01:11PM] INFO - undefined
[12/12/2024, 01:01:11PM] INFO - undefined
[12/12/2024, 01:01:11PM] INFO - undefined
[12/12/2024, 01:01:11PM] INFO - undefined
[12/12/2024, 01:01:11PM] INFO - undefined
[12/12/2024, 01:01:11PM] INFO - undefined
[12/12/2024, 01:01:11PM] INFO - undefined
[12/12/2024, 01:01:11PM] INFO - undefined
[12/12/2024, 01:01:11PM] INFO - undefined
[12/12/2024, 01:01:11PM] INFO - undefined
[12/12/2024, 01:01:11PM] INFO - undefined
[12/12/2024, 01:01:11PM] INFO - undefined
[12/12/2024, 01:01:11PM] INFO - undefined
[12/12/2024, 01:01:11PM] INFO - undefined
[12/12/2024, 01:01:11PM] INFO - undefined
[12/12/2024, 01:01:11PM] INFO - undefined
[12/12/2024, 01:01:11PM] INFO - undefined
[12/12/2024, 01:01:11PM] INFO - undefined
[12/12/2024, 01:01:11PM] INFO - undefined
[12/12/2024, 01:01:11PM] INFO - undefined
[12/12/2024, 01:01:11PM] INFO - undefined
[12/12/2024, 01:01:11PM] INFO - undefined
[12/12/2024, 01:01:11PM] INFO - undefined
[12/12/2024, 01:01:11PM] INFO - undefined
[12/12/2024, 01:01:11PM] INFO - undefined
[12/12/2024, 01:01:11PM] INFO - undefined
[12/12/2024, 01:01:11PM] INFO - undefined
[12/12/2024, 01:01:11PM] INFO - undefined
[12/12/2024, 01:01:11PM] INFO - undefined
[12/12/2024, 01:01:11PM] INFO - undefined
[12/12/2024, 01:01:11PM] INFO - undefined
[12/12/2024, 01:01:11PM] INFO - undefined
[12/12/2024, 01:01:11PM] INFO - undefined
[12/12/2024, 01:01:11PM] INFO - undefined
[12/12/2024, 01:01:11PM] INFO - undefined
[12/12/2024, 01:01:11PM] INFO - undefined
[12/12/2024, 01:01:11PM] INFO - undefined
[12/12/2024, 01:01:11PM] INFO - undefined
[12/12/2024, 01:01:11PM] INFO - undefined
[12/12/2024, 01:01:11PM] INFO - undefined
[12/12/2024, 01:01:11PM] INFO - undefined
[12/12/2024, 01:01:11PM] INFO - undefined
[12/12/2024, 01:01:11PM] INFO - undefined
[12/12/2024, 01:01:11PM] INFO - undefined
[12/12/2024, 01:01:11PM] INFO - undefined
[12/12/2024, 01:01:11PM] INFO - undefined
[12/12/2024, 01:01:11PM] INFO - undefined
[12/12/2024, 01:01:11PM] INFO - undefined
[12/12/2024, 01:01:11PM] INFO - undefined
[12/12/2024, 01:01:11PM] INFO - undefined
[12/12/2024, 01:01:11PM] INFO - undefined
[12/12/2024, 01:01:11PM] INFO - undefined
[12/12/2024, 01:01:11PM] INFO - undefined
[12/12/2024, 01:01:11PM] INFO - undefined
[12/12/2024, 01:01:11PM] INFO - undefined
[12/12/2024, 01:01:11PM] INFO - undefined
[12/12/2024, 01:01:11PM] INFO - undefined
[12/12/2024, 01:01:11PM] INFO - undefined
[12/12/2024, 01:01:11PM] INFO - undefined
[12/12/2024, 01:01:11PM] INFO - undefined
[12/12/2024, 01:01:11PM] INFO - undefined
[12/12/2024, 01:01:11PM] INFO - undefined
[12/12/2024, 01:01:11PM] INFO - undefined
[12/12/2024, 01:01:11PM] INFO - undefined
[12/12/2024, 01:01:11PM] INFO - undefined
[12/12/2024, 01:01:11PM] INFO - undefined
[12/12/2024, 01:01:11PM] INFO - undefined
[12/12/2024, 01:01:11PM] INFO - undefined
[12/12/2024, 01:01:11PM] INFO - undefined
[12/12/2024, 01:01:11PM] INFO - undefined
[12/12/2024, 01:01:11PM] INFO - undefined
[12/12/2024, 01:01:11PM] INFO - undefined
[12/12/2024, 01:01:11PM] INFO - undefined
[12/12/2024, 01:01:11PM] INFO - undefined
[12/12/2024, 01:01:11PM] INFO - undefined
[12/12/2024, 01:01:11PM] INFO - undefined
[12/12/2024, 01:01:11PM] INFO - undefined
[12/12/2024, 01:01:11PM] INFO - undefined
[12/12/2024, 01:01:11PM] INFO - undefined
[12/12/2024, 01:01:11PM] INFO - undefined
[12/12/2024, 01:01:11PM] INFO - undefined
[12/12/2024, 01:01:11PM] INFO - undefined
[12/12/2024, 01:01:11PM] INFO - undefined
[12/12/2024, 01:01:11PM] INFO - undefined
[12/12/2024, 01:01:11PM] INFO - undefined
[12/12/2024, 01:01:11PM] INFO - undefined
[12/12/2024, 01:01:11PM] INFO - undefined
[12/12/2024, 01:01:11PM] INFO - undefined
[12/12/2024, 01:01:11PM] INFO - undefined
[12/12/2024, 01:01:11PM] INFO - undefined
[12/12/2024, 01:01:11PM] INFO - undefined
[12/12/2024, 01:01:11PM] INFO - undefined
[12/12/2024, 01:01:11PM] INFO - undefined
[12/12/2024, 01:01:11PM] INFO - undefined
[12/12/2024, 01:01:11PM] INFO - undefined
[12/12/2024, 01:01:11PM] INFO - undefined
[12/12/2024, 01:01:11PM] INFO - undefined
[12/12/2024, 01:01:11PM] INFO - undefined
[12/12/2024, 01:01:11PM] INFO - undefined
[12/12/2024, 01:01:11PM] INFO - undefined
[12/12/2024, 01:01:11PM] INFO - undefined
[12/12/2024, 01:01:11PM] INFO - undefined
[12/12/2024, 01:01:11PM] INFO - undefined
[12/12/2024, 01:01:11PM] INFO - undefined
[12/12/2024, 01:01:11PM] INFO - undefined
[12/12/2024, 01:01:11PM] INFO - undefined
[12/12/2024, 01:01:11PM] INFO - undefined
